c:\users\cannabusy\desktop\current source\battleyent_helper\x64\release\vc143.pdb
c:\users\cannabusy\desktop\current source\battleyent_helper\x64\release\overlay.obj
c:\users\cannabusy\desktop\current source\battleyent_helper\x64\release\menurenderer.obj
c:\users\cannabusy\desktop\current source\battleyent_helper\x64\release\menu.obj
c:\users\cannabusy\desktop\current source\battleyent_helper\x64\release\imgui_widgets.obj
c:\users\cannabusy\desktop\current source\battleyent_helper\x64\release\imgui_tables.obj
c:\users\cannabusy\desktop\current source\battleyent_helper\x64\release\imgui_impl_win32.obj
c:\users\cannabusy\desktop\current source\battleyent_helper\x64\release\imgui_impl_dx11.obj
c:\users\cannabusy\desktop\current source\battleyent_helper\x64\release\imgui_draw.obj
c:\users\cannabusy\desktop\current source\battleyent_helper\x64\release\imgui.obj
c:\users\cannabusy\desktop\current source\battleyent_helper\x64\release\features.obj
c:\users\cannabusy\desktop\current source\battleyent_helper\x64\release\dx11hook.obj
c:\users\cannabusy\desktop\current source\battleyent_helper\x64\release\dllmain.obj
c:\users\cannabusy\desktop\current source\battleyent_helper\x64\release\advapi32patch.obj
c:\users\cannabusy\desktop\current source\battleyent_helper\x64\release\iat_hook.obj
c:\users\cannabusy\desktop\current source\x64\release\battleyent_helper.dll
c:\users\cannabusy\desktop\current source\battleyent_helper\x64\release\battleyent_helper.ipdb
c:\users\cannabusy\desktop\current source\x64\release\battleyent_helper.pdb
c:\users\cannabusy\desktop\current source\battleyent_helper\x64\release\battleyent_helper.iobj
c:\users\cannabusy\desktop\current source\battleyent_helper\x64\release\battleye.25c64ee1.tlog\cl.command.1.tlog
c:\users\cannabusy\desktop\current source\battleyent_helper\x64\release\battleye.25c64ee1.tlog\cl.items.tlog
c:\users\cannabusy\desktop\current source\battleyent_helper\x64\release\battleye.25c64ee1.tlog\cl.read.1.tlog
c:\users\cannabusy\desktop\current source\battleyent_helper\x64\release\battleye.25c64ee1.tlog\cl.write.1.tlog
c:\users\cannabusy\desktop\current source\battleyent_helper\x64\release\battleye.25c64ee1.tlog\link.command.1.tlog
c:\users\cannabusy\desktop\current source\battleyent_helper\x64\release\battleye.25c64ee1.tlog\link.read.1.tlog
c:\users\cannabusy\desktop\current source\battleyent_helper\x64\release\battleye.25c64ee1.tlog\link.write.1.tlog
